<?xml version="1.0" encoding="UTF-8"?>
<!-- Generated by org.testng.reporters.JUnitReportReporter -->
<testsuite hostname="PIT0901" failures="0" tests="1" name="testDatePicker.DatePickerTest" time="0.218" errors="0" timestamp="2022-05-12T11:47:53 SAST" skipped="0">
  <testcase classname="testDatePicker.DatePickerTest" name="enterdateTimeTest" time="0.218"/>
  <system-out/>
</testsuite> <!-- testDatePicker.DatePickerTest -->
