<?xml version="1.0" encoding="UTF-8"?>
<!-- Generated by org.testng.reporters.JUnitReportReporter -->
<testsuite hostname="PIT0901" failures="0" tests="1" name="testTakeaLot.ExeptionDemo" time="0.015" errors="0" timestamp="2022-04-19T15:35:19 SAST" skipped="0">
  <testcase classname="testTakeaLot.ExeptionDemo" name="NumberFormat_Demo" time="0.015"/>
  <system-out/>
</testsuite> <!-- testTakeaLot.ExeptionDemo -->
