<?xml version="1.0" encoding="UTF-8"?>
<!-- Generated by org.testng.reporters.JUnitReportReporter -->
<testsuite hostname="PIT0901" failures="0" tests="1" name="testTakeaLot.Tests" time="9.309" errors="0" timestamp="2022-05-12T19:37:52 SAST" skipped="0">
  <testcase classname="testTakeaLot.Tests" name="GIVEN_ShopperIsOnLandingPage_WHEN_ShopperEntersDKNYonSearchField_AND_ShopperClicksSearchButton_THEN_DKNYisDisplayed4" time="9.309"/>
  <system-out>
    <![CDATA[Expected Brand is  Calvin Klein
Actual Brand is Calvin Klein
Expected Item Description is  Calvin Klein]]>
  </system-out>
</testsuite> <!-- testTakeaLot.Tests -->
