<?xml version="1.0" encoding="UTF-8"?>
<!-- Generated by org.testng.reporters.JUnitReportReporter -->
<testsuite hostname="PIT0901" failures="0" tests="1" name="testTakeaLot.Tests" time="12.333" errors="0" timestamp="2022-05-01T13:35:39 SAST" skipped="0">
  <testcase classname="testTakeaLot.Tests" name="GIVEN_ShopperIsOnLandingPage_WHEN_ShopperEntersDKNYonSearchField_AND_ShopperClicksSearchButton_THEN_DKNYisDisplayed2" time="12.333"/>
  <system-out>
    <![CDATA[Expected result is: DKNY
Actual result is: DKNY]]>
  </system-out>
</testsuite> <!-- testTakeaLot.Tests -->
